<?xml version="1.0" encoding="UTF-8"?>
<!-- Generated by org.testng.reporters.JUnitReportReporter -->
<testsuite hostname="LIN30000668" failures="0" tests="3" name="TestRunner.TestRunner1" time="100.019" errors="0" timestamp="2022-07-19T12:53:24 IST" skipped="0">
  <testcase classname="TestRunner.TestRunner1" name="runScenario" time="89.564"/>
  <system-out/>
  <testcase classname="TestRunner.TestRunner1" name="runScenario" time="4.291"/>
  <system-out/>
  <testcase classname="TestRunner.TestRunner1" name="runScenario" time="6.164"/>
  <system-out/>
</testsuite> <!-- TestRunner.TestRunner1 -->
