<?xml version="1.0" encoding="UTF-8"?>
<!-- Generated by org.testng.reporters.JUnitReportReporter -->
<testsuite hostname="LIN30000668" failures="0" tests="3" name="TestRunner.TestRunner2" time="20.088" errors="0" timestamp="2022-07-20T09:09:59 IST" skipped="0">
  <testcase classname="TestRunner.TestRunner2" name="runScenario" time="5.844"/>
  <system-out/>
  <testcase classname="TestRunner.TestRunner2" name="runScenario" time="5.983"/>
  <system-out/>
  <testcase classname="TestRunner.TestRunner2" name="runScenario" time="8.261"/>
  <system-out/>
</testsuite> <!-- TestRunner.TestRunner2 -->
