<?xml version="1.0" encoding="UTF-8"?>
<!-- Generated by org.testng.reporters.JUnitReportReporter -->
<testsuite hostname="LIN30000668" failures="0" tests="3" name="TestRunner.TestRunner1" time="18.528" errors="0" timestamp="2022-07-19T10:46:43 IST" skipped="0">
  <testcase classname="TestRunner.TestRunner1" name="runScenario" time="7.618"/>
  <system-out/>
  <testcase classname="TestRunner.TestRunner1" name="runScenario" time="5.457"/>
  <system-out/>
  <testcase classname="TestRunner.TestRunner1" name="runScenario" time="5.453"/>
  <system-out/>
</testsuite> <!-- TestRunner.TestRunner1 -->
