<?xml version="1.0" encoding="UTF-8"?>
<!-- Generated by org.testng.reporters.JUnitReportReporter -->
<testsuite hostname="LIN30000668" failures="0" tests="3" name="TestRunner.TestRunner2" time="18.786" errors="0" timestamp="2022-07-19T10:46:43 IST" skipped="0">
  <testcase classname="TestRunner.TestRunner2" name="runScenario" time="6.873"/>
  <system-out/>
  <testcase classname="TestRunner.TestRunner2" name="runScenario" time="4.828"/>
  <system-out/>
  <testcase classname="TestRunner.TestRunner2" name="runScenario" time="7.085"/>
  <system-out/>
</testsuite> <!-- TestRunner.TestRunner2 -->
